2024-06-08 22:48:41,109 [INFO] CUDA is available. The model will be trained on GPU.
2024-06-08 22:48:41,966 [INFO] Starting AUTSL_1L_distil...


2024-06-08 22:52:04,044 [INFO] [1] TRAIN  loss: 8.427220863750428 acc: 0.005931333409376069
2024-06-08 22:52:04,044 [INFO] [1] VALIDATION  acc: 0.017335766423357664
2024-06-08 22:52:04,045 [INFO] 
2024-06-08 22:55:28,847 [INFO] [2] TRAIN  loss: 7.169350886135508 acc: 0.03923805178510323
2024-06-08 22:55:28,847 [INFO] [2] VALIDATION  acc: 0.09854014598540146
2024-06-08 22:55:28,847 [INFO] 
2024-06-08 22:58:48,978 [INFO] [3] TRAIN  loss: 5.7363042873845105 acc: 0.13835975818409946
2024-06-08 22:58:48,979 [INFO] [3] VALIDATION  acc: 0.2385948905109489
2024-06-08 22:58:48,979 [INFO] 
2024-06-08 23:01:53,712 [INFO] [4] TRAIN  loss: 4.235443905412342 acc: 0.3086574654956085
2024-06-08 23:01:53,713 [INFO] [4] VALIDATION  acc: 0.47354014598540145
2024-06-08 23:01:53,713 [INFO] 
2024-06-08 23:04:58,609 [INFO] [5] TRAIN  loss: 2.98439883761549 acc: 0.4918444165621079
2024-06-08 23:04:58,609 [INFO] [5] VALIDATION  acc: 0.5816605839416058
2024-06-08 23:04:58,609 [INFO] 
2024-06-08 23:08:02,963 [INFO] [6] TRAIN  loss: 2.146794486782822 acc: 0.6195962130717463
2024-06-08 23:08:02,963 [INFO] [6] VALIDATION  acc: 0.6811131386861314
2024-06-08 23:08:02,963 [INFO] 
2024-06-08 23:11:07,340 [INFO] [7] TRAIN  loss: 1.628766343247405 acc: 0.6996692140983233
2024-06-08 23:11:07,340 [INFO] [7] VALIDATION  acc: 0.7157846715328468
2024-06-08 23:11:07,340 [INFO] 
2024-06-08 23:14:16,399 [INFO] [8] TRAIN  loss: 1.3032954500898255 acc: 0.7605794456484545
2024-06-08 23:14:16,408 [INFO] [8] VALIDATION  acc: 0.7769160583941606
2024-06-08 23:14:16,409 [INFO] 
2024-06-08 23:17:40,249 [INFO] [9] TRAIN  loss: 1.076439992478898 acc: 0.8050644462187749
2024-06-08 23:17:40,249 [INFO] [9] VALIDATION  acc: 0.8147810218978102
2024-06-08 23:17:40,249 [INFO] 
2024-06-08 23:21:08,705 [INFO] [10] TRAIN  loss: 0.9313472775215296 acc: 0.8328960876012319
2024-06-08 23:21:08,705 [INFO] [10] VALIDATION  acc: 0.8270985401459854
2024-06-08 23:21:08,706 [INFO] 
2024-06-08 23:24:32,616 [INFO] [11] TRAIN  loss: 0.8271445945199327 acc: 0.849663510893122
2024-06-08 23:24:32,617 [INFO] [11] VALIDATION  acc: 0.8613138686131386
2024-06-08 23:24:32,617 [INFO] 
2024-06-08 23:27:42,715 [INFO] [12] TRAIN  loss: 0.7397411368626668 acc: 0.8681418957454089
2024-06-08 23:27:42,716 [INFO] [12] VALIDATION  acc: 0.8562956204379562
2024-06-08 23:27:42,716 [INFO] 
2024-06-08 23:30:54,805 [INFO] [13] TRAIN  loss: 0.6869048393478385 acc: 0.8788639215238965
2024-06-08 23:30:54,805 [INFO] [13] VALIDATION  acc: 0.8613138686131386
2024-06-08 23:30:54,805 [INFO] 
2024-06-08 23:34:20,622 [INFO] [14] TRAIN  loss: 0.6295503111811338 acc: 0.8909547165507015
2024-06-08 23:34:20,622 [INFO] [14] VALIDATION  acc: 0.8681569343065694
2024-06-08 23:34:20,622 [INFO] 
2024-06-08 23:37:39,826 [INFO] [15] TRAIN  loss: 0.5853103702093077 acc: 0.9052127295540093
2024-06-08 23:37:39,826 [INFO] [15] VALIDATION  acc: 0.8781934306569343
2024-06-08 23:37:39,826 [INFO] 
2024-06-08 23:37:39,826 [INFO] 
Testing checkpointed models starting...

2024-06-08 23:37:40,201 [INFO] 
Any desired statistics have been plotted.
The experiment is finished.
