2024-06-01 17:14:14,634 [INFO] CUDA is available. The model will be trained on GPU.
2024-06-01 17:14:15,645 [INFO] Starting autsl_255_spoter...


2024-06-01 17:19:54,028 [INFO] CUDA is available. The model will be trained on GPU.
2024-06-01 17:19:54,957 [INFO] Starting autsl_255_spoter...


2024-06-01 17:23:12,687 [INFO] [1] TRAIN  loss: 5.4050648026691 acc: 0.008897000114064104
2024-06-01 17:23:12,687 [INFO] [1] VALIDATION  acc: 0.03512773722627737
2024-06-01 17:23:12,687 [INFO] 
2024-06-01 17:26:29,010 [INFO] [2] TRAIN  loss: 4.49538263160146 acc: 0.06148055207026349
2024-06-01 17:26:29,010 [INFO] [2] VALIDATION  acc: 0.1259124087591241
2024-06-01 17:26:29,010 [INFO] 
2024-06-01 17:30:00,705 [INFO] [3] TRAIN  loss: 3.5409042342734116 acc: 0.19926998973423063
2024-06-01 17:30:00,705 [INFO] [3] VALIDATION  acc: 0.30885036496350365
2024-06-01 17:30:00,705 [INFO] 
2024-06-01 17:33:13,709 [INFO] [4] TRAIN  loss: 2.698088134125128 acc: 0.3579331584350405
2024-06-01 17:33:13,709 [INFO] [4] VALIDATION  acc: 0.4812956204379562
2024-06-01 17:33:13,709 [INFO] 
2024-06-01 17:36:30,786 [INFO] [5] TRAIN  loss: 2.0471617197302385 acc: 0.5021101859244895
2024-06-01 17:36:30,786 [INFO] [5] VALIDATION  acc: 0.5948905109489051
2024-06-01 17:36:30,786 [INFO] 
2024-06-01 17:39:51,271 [INFO] [6] TRAIN  loss: 1.5749042485314246 acc: 0.6088741872932588
2024-06-01 17:39:51,271 [INFO] [6] VALIDATION  acc: 0.6692518248175182
2024-06-01 17:39:51,271 [INFO] 
2024-06-01 17:43:15,204 [INFO] [7] TRAIN  loss: 1.2320024889143948 acc: 0.6902018934641269
2024-06-01 17:43:15,204 [INFO] [7] VALIDATION  acc: 0.7125912408759124
2024-06-01 17:43:15,204 [INFO] 
2024-06-01 17:46:52,291 [INFO] [8] TRAIN  loss: 0.9870050464454774 acc: 0.7486027147256759
2024-06-01 17:46:52,291 [INFO] [8] VALIDATION  acc: 0.7582116788321168
2024-06-01 17:46:52,291 [INFO] 
2024-06-01 17:50:07,222 [INFO] [9] TRAIN  loss: 0.8224440172486313 acc: 0.788068894718832
2024-06-01 17:50:07,222 [INFO] [9] VALIDATION  acc: 0.7878649635036497
2024-06-01 17:50:07,222 [INFO] 
2024-06-01 17:53:24,105 [INFO] [10] TRAIN  loss: 0.6866534304779286 acc: 0.820120907950268
2024-06-01 17:53:24,105 [INFO] [10] VALIDATION  acc: 0.7947080291970803
2024-06-01 17:53:24,105 [INFO] 
2024-06-01 17:56:40,807 [INFO] [11] TRAIN  loss: 0.597542854240333 acc: 0.8358617543059199
2024-06-01 17:56:40,807 [INFO] [11] VALIDATION  acc: 0.843065693430657
2024-06-01 17:56:40,807 [INFO] 
2024-06-01 18:00:05,766 [INFO] [12] TRAIN  loss: 0.49841145684812366 acc: 0.8697387932017794
2024-06-01 18:00:05,766 [INFO] [12] VALIDATION  acc: 0.8261861313868614
2024-06-01 18:00:05,767 [INFO] 
2024-06-01 18:03:25,128 [INFO] [13] TRAIN  loss: 0.44326956622668817 acc: 0.8795483061480552
2024-06-01 18:03:25,128 [INFO] [13] VALIDATION  acc: 0.8371350364963503
2024-06-01 18:03:25,128 [INFO] 
2024-06-01 18:06:39,306 [INFO] [14] TRAIN  loss: 0.38233864384909316 acc: 0.8977985627922893
2024-06-01 18:06:39,307 [INFO] [14] VALIDATION  acc: 0.8567518248175182
2024-06-01 18:06:39,307 [INFO] 
2024-06-01 18:09:59,080 [INFO] [15] TRAIN  loss: 0.34058775651056516 acc: 0.9087487167788297
2024-06-01 18:09:59,080 [INFO] [15] VALIDATION  acc: 0.8818430656934306
2024-06-01 18:09:59,080 [INFO] 
2024-06-01 18:09:59,080 [INFO] 
Testing checkpointed models starting...

2024-06-01 18:10:00,194 [INFO] 
Any desired statistics have been plotted.
The experiment is finished.
