2024-06-05 17:21:56,683 [INFO] CUDA is available. The model will be trained on GPU.
2024-06-05 17:21:58,113 [INFO] Starting LSA64_6L...


2024-06-05 17:23:41,222 [INFO] [1] TRAIN  loss: 3.6285018920898438 acc: 0.119921875
2024-06-05 17:23:41,222 [INFO] [1] VALIDATION  acc: 0.3390625
2024-06-05 17:23:41,222 [INFO] 
2024-06-05 17:25:24,547 [INFO] [2] TRAIN  loss: 2.094207000732422 acc: 0.48984375
2024-06-05 17:25:24,547 [INFO] [2] VALIDATION  acc: 0.7265625
2024-06-05 17:25:24,547 [INFO] 
2024-06-05 17:27:08,572 [INFO] [3] TRAIN  loss: 1.3065945625305175 acc: 0.693359375
2024-06-05 17:27:08,572 [INFO] [3] VALIDATION  acc: 0.75625
2024-06-05 17:27:08,572 [INFO] 
2024-06-05 17:28:52,550 [INFO] [4] TRAIN  loss: 0.9120718002319336 acc: 0.7640625
2024-06-05 17:28:52,550 [INFO] [4] VALIDATION  acc: 0.8734375
2024-06-05 17:28:52,550 [INFO] 
2024-06-05 17:30:37,192 [INFO] [5] TRAIN  loss: 0.6734901428222656 acc: 0.833984375
2024-06-05 17:30:37,192 [INFO] [5] VALIDATION  acc: 0.9140625
2024-06-05 17:30:37,192 [INFO] 
2024-06-05 17:32:20,842 [INFO] [6] TRAIN  loss: 0.5137068748474121 acc: 0.8765625
2024-06-05 17:32:20,842 [INFO] [6] VALIDATION  acc: 0.9546875
2024-06-05 17:32:20,842 [INFO] 
2024-06-05 17:34:04,478 [INFO] [7] TRAIN  loss: 0.40825533866882324 acc: 0.898828125
2024-06-05 17:34:04,478 [INFO] [7] VALIDATION  acc: 0.9125
2024-06-05 17:34:04,478 [INFO] 
2024-06-05 17:35:49,117 [INFO] [8] TRAIN  loss: 0.3311587333679199 acc: 0.9140625
2024-06-05 17:35:49,117 [INFO] [8] VALIDATION  acc: 0.93125
2024-06-05 17:35:49,117 [INFO] 
2024-06-05 17:37:33,472 [INFO] [9] TRAIN  loss: 0.2878286838531494 acc: 0.9296875
2024-06-05 17:37:33,472 [INFO] [9] VALIDATION  acc: 0.953125
2024-06-05 17:37:33,472 [INFO] 
2024-06-05 17:39:17,485 [INFO] [10] TRAIN  loss: 0.21730425357818603 acc: 0.94375
2024-06-05 17:39:17,485 [INFO] [10] VALIDATION  acc: 0.878125
2024-06-05 17:39:17,485 [INFO] 
2024-06-05 17:41:05,229 [INFO] [11] TRAIN  loss: 0.1921805262565613 acc: 0.95546875
2024-06-05 17:41:05,229 [INFO] [11] VALIDATION  acc: 0.9640625
2024-06-05 17:41:05,239 [INFO] 
2024-06-05 17:42:53,985 [INFO] [12] TRAIN  loss: 0.17279763221740724 acc: 0.960546875
2024-06-05 17:42:53,985 [INFO] [12] VALIDATION  acc: 0.978125
2024-06-05 17:42:53,985 [INFO] 
2024-06-05 17:44:45,750 [INFO] [13] TRAIN  loss: 0.1500950574874878 acc: 0.962890625
2024-06-05 17:44:45,750 [INFO] [13] VALIDATION  acc: 0.9828125
2024-06-05 17:44:45,750 [INFO] 
2024-06-05 17:46:35,861 [INFO] [14] TRAIN  loss: 0.12914595603942872 acc: 0.966015625
2024-06-05 17:46:35,861 [INFO] [14] VALIDATION  acc: 0.971875
2024-06-05 17:46:35,861 [INFO] 
2024-06-05 17:48:24,834 [INFO] [15] TRAIN  loss: 0.11675443649291992 acc: 0.970703125
2024-06-05 17:48:24,834 [INFO] [15] VALIDATION  acc: 0.9734375
2024-06-05 17:48:24,834 [INFO] 
2024-06-05 17:48:24,834 [INFO] 
Testing checkpointed models starting...

2024-06-05 17:48:25,799 [INFO] 
Any desired statistics have been plotted.
The experiment is finished.
2024-06-08 16:41:04,566 [INFO] CUDA is available. The model will be trained on GPU.
2024-06-08 16:41:18,454 [INFO] CUDA is available. The model will be trained on GPU.
2024-06-08 16:41:40,401 [INFO] CUDA is available. The model will be trained on GPU.
2024-06-08 16:41:40,719 [INFO] Number of classes in the dataset: 64
2024-06-08 16:41:40,988 [INFO] Starting LSA64_6L...


2024-06-08 16:43:23,851 [INFO] [1] TRAIN  loss: 3.6285018920898438 acc: 0.119921875
2024-06-08 16:43:23,851 [INFO] [1] VALIDATION  acc: 0.3390625
2024-06-08 16:43:23,851 [INFO] 
2024-06-08 16:45:08,505 [INFO] [2] TRAIN  loss: 2.094207000732422 acc: 0.48984375
2024-06-08 16:45:08,506 [INFO] [2] VALIDATION  acc: 0.7265625
2024-06-08 16:45:08,506 [INFO] 
2024-06-08 16:46:54,480 [INFO] [3] TRAIN  loss: 1.3065945625305175 acc: 0.693359375
2024-06-08 16:46:54,480 [INFO] [3] VALIDATION  acc: 0.75625
2024-06-08 16:46:54,480 [INFO] 
2024-06-08 16:48:40,576 [INFO] [4] TRAIN  loss: 0.9120718002319336 acc: 0.7640625
2024-06-08 16:48:40,576 [INFO] [4] VALIDATION  acc: 0.8734375
2024-06-08 16:48:40,576 [INFO] 
2024-06-08 16:50:24,706 [INFO] [5] TRAIN  loss: 0.6734901428222656 acc: 0.833984375
2024-06-08 16:50:24,706 [INFO] [5] VALIDATION  acc: 0.9140625
2024-06-08 16:50:24,706 [INFO] 
2024-06-08 16:52:09,918 [INFO] [6] TRAIN  loss: 0.5137068748474121 acc: 0.8765625
2024-06-08 16:52:09,918 [INFO] [6] VALIDATION  acc: 0.9546875
2024-06-08 16:52:09,918 [INFO] 
2024-06-08 16:53:57,852 [INFO] [7] TRAIN  loss: 0.40825533866882324 acc: 0.898828125
2024-06-08 16:53:57,852 [INFO] [7] VALIDATION  acc: 0.9125
2024-06-08 16:53:57,852 [INFO] 
2024-06-08 16:55:44,222 [INFO] [8] TRAIN  loss: 0.3311587333679199 acc: 0.9140625
2024-06-08 16:55:44,222 [INFO] [8] VALIDATION  acc: 0.93125
2024-06-08 16:55:44,222 [INFO] 
2024-06-08 16:57:29,456 [INFO] [9] TRAIN  loss: 0.2878286838531494 acc: 0.9296875
2024-06-08 16:57:29,456 [INFO] [9] VALIDATION  acc: 0.953125
2024-06-08 16:57:29,456 [INFO] 
2024-06-08 16:59:14,345 [INFO] [10] TRAIN  loss: 0.21730425357818603 acc: 0.94375
2024-06-08 16:59:14,345 [INFO] [10] VALIDATION  acc: 0.878125
2024-06-08 16:59:14,345 [INFO] 
2024-06-08 17:00:59,335 [INFO] [11] TRAIN  loss: 0.1921805262565613 acc: 0.95546875
2024-06-08 17:00:59,335 [INFO] [11] VALIDATION  acc: 0.9640625
2024-06-08 17:00:59,335 [INFO] 
2024-06-08 17:02:44,001 [INFO] [12] TRAIN  loss: 0.17279763221740724 acc: 0.960546875
2024-06-08 17:02:44,001 [INFO] [12] VALIDATION  acc: 0.978125
2024-06-08 17:02:44,001 [INFO] 
2024-06-08 17:04:28,246 [INFO] [13] TRAIN  loss: 0.1500950574874878 acc: 0.962890625
2024-06-08 17:04:28,247 [INFO] [13] VALIDATION  acc: 0.9828125
2024-06-08 17:04:28,247 [INFO] 
2024-06-08 17:06:12,794 [INFO] [14] TRAIN  loss: 0.12914595603942872 acc: 0.966015625
2024-06-08 17:06:12,794 [INFO] [14] VALIDATION  acc: 0.971875
2024-06-08 17:06:12,794 [INFO] 
2024-06-08 17:08:04,266 [INFO] [15] TRAIN  loss: 0.11675443649291992 acc: 0.970703125
2024-06-08 17:08:04,266 [INFO] [15] VALIDATION  acc: 0.9734375
2024-06-08 17:08:04,266 [INFO] 
2024-06-08 17:08:04,266 [INFO] 
Testing checkpointed models starting...

2024-06-08 17:08:04,959 [INFO] 
Any desired statistics have been plotted.
The experiment is finished.
