2024-06-08 20:41:36,868 [INFO] CUDA is available. The model will be trained on GPU.
2024-06-08 20:41:38,073 [INFO] Starting AUTSL_6L...


2024-06-08 20:47:37,160 [INFO] [1] TRAIN  loss: 5.486143439175317 acc: 0.00672978213756131
2024-06-08 20:47:37,160 [INFO] [1] VALIDATION  acc: 0.009124087591240875
2024-06-08 20:47:37,160 [INFO] 
2024-06-08 20:53:41,785 [INFO] [2] TRAIN  loss: 4.626501101431504 acc: 0.05030226987567012
2024-06-08 20:53:41,785 [INFO] [2] VALIDATION  acc: 0.08895985401459854
2024-06-08 20:53:41,788 [INFO] 
2024-06-08 21:00:15,364 [INFO] [3] TRAIN  loss: 3.5564924753336373 acc: 0.19345272042888104
2024-06-08 21:00:15,364 [INFO] [3] VALIDATION  acc: 0.3097627737226277
2024-06-08 21:00:15,365 [INFO] 
2024-06-08 21:07:00,153 [INFO] [4] TRAIN  loss: 2.6570361957482604 acc: 0.35394091479411427
2024-06-08 21:07:00,153 [INFO] [4] VALIDATION  acc: 0.4767335766423358
2024-06-08 21:07:00,153 [INFO] 
2024-06-08 21:13:48,975 [INFO] [5] TRAIN  loss: 2.00458439674347 acc: 0.4872818524010494
2024-06-08 21:13:48,975 [INFO] [5] VALIDATION  acc: 0.5501824817518248
2024-06-08 21:13:48,975 [INFO] 
2024-06-08 21:20:38,394 [INFO] [6] TRAIN  loss: 1.5450185621506787 acc: 0.594616174289951
2024-06-08 21:20:38,394 [INFO] [6] VALIDATION  acc: 0.6254562043795621
2024-06-08 21:20:38,394 [INFO] 
2024-06-08 21:27:21,971 [INFO] [7] TRAIN  loss: 1.2126925722881259 acc: 0.6692140983232576
2024-06-08 21:27:21,971 [INFO] [7] VALIDATION  acc: 0.7107664233576643
2024-06-08 21:27:21,971 [INFO] 
2024-06-08 21:34:40,384 [INFO] [8] TRAIN  loss: 0.9939979334792404 acc: 0.7288696247290978
2024-06-08 21:34:40,384 [INFO] [8] VALIDATION  acc: 0.7239963503649635
2024-06-08 21:34:40,384 [INFO] 
2024-06-08 21:41:54,185 [INFO] [9] TRAIN  loss: 0.8337575277853029 acc: 0.7618341507927455
2024-06-08 21:41:54,185 [INFO] [9] VALIDATION  acc: 0.7828467153284672
2024-06-08 21:41:54,185 [INFO] 
2024-06-08 21:49:00,763 [INFO] [10] TRAIN  loss: 0.697323938045369 acc: 0.8039238051785104
2024-06-08 21:49:00,763 [INFO] [10] VALIDATION  acc: 0.7203467153284672
2024-06-08 21:49:00,765 [INFO] 
2024-06-08 21:56:16,541 [INFO] [11] TRAIN  loss: 0.6060172936330843 acc: 0.826280369567697
2024-06-08 21:56:16,541 [INFO] [11] VALIDATION  acc: 0.8325729927007299
2024-06-08 21:56:16,541 [INFO] 
2024-06-08 22:03:36,597 [INFO] [12] TRAIN  loss: 0.5337281651897742 acc: 0.8460134595642751
2024-06-08 22:03:36,597 [INFO] [12] VALIDATION  acc: 0.8298357664233577
2024-06-08 22:03:36,597 [INFO] 
2024-06-08 22:11:04,573 [INFO] [13] TRAIN  loss: 0.4729020336382172 acc: 0.8601574084635565
2024-06-08 22:11:04,573 [INFO] [13] VALIDATION  acc: 0.8494525547445255
2024-06-08 22:11:04,573 [INFO] 
2024-06-08 22:18:21,752 [INFO] [14] TRAIN  loss: 0.41424462383797195 acc: 0.8780654727957112
2024-06-08 22:18:21,757 [INFO] [14] VALIDATION  acc: 0.7833029197080292
2024-06-08 22:18:21,757 [INFO] 
2024-06-08 22:25:40,202 [INFO] [15] TRAIN  loss: 0.3627789613661315 acc: 0.8938063191513631
2024-06-08 22:25:40,207 [INFO] [15] VALIDATION  acc: 0.8832116788321168
2024-06-08 22:25:40,208 [INFO] 
2024-06-08 22:25:40,208 [INFO] 
Testing checkpointed models starting...

2024-06-08 22:25:41,292 [INFO] 
Any desired statistics have been plotted.
The experiment is finished.
