2024-06-08 19:29:38,360 [INFO] CUDA is available. The model will be trained on GPU.
2024-06-08 19:29:38,386 [INFO] Number of classes in the dataset: 19
2024-06-08 19:29:38,621 [INFO] Starting DGI406_6L...


2024-06-08 19:29:57,923 [INFO] [1] TRAIN  loss: 2.5574463938438843 acc: 0.24034334763948498
2024-06-08 19:29:57,923 [INFO] [1] VALIDATION  acc: 0.21367521367521367
2024-06-08 19:29:57,924 [INFO] 
2024-06-08 19:30:19,101 [INFO] [2] TRAIN  loss: 2.4144721952119097 acc: 0.2510729613733906
2024-06-08 19:30:19,101 [INFO] [2] VALIDATION  acc: 0.3247863247863248
2024-06-08 19:30:19,102 [INFO] 
2024-06-08 19:30:40,338 [INFO] [3] TRAIN  loss: 2.2275930249128217 acc: 0.3369098712446352
2024-06-08 19:30:40,338 [INFO] [3] VALIDATION  acc: 0.3418803418803419
2024-06-08 19:30:40,338 [INFO] 
2024-06-08 19:31:01,553 [INFO] [4] TRAIN  loss: 2.0666046797461775 acc: 0.37339055793991416
2024-06-08 19:31:01,553 [INFO] [4] VALIDATION  acc: 0.358974358974359
2024-06-08 19:31:01,554 [INFO] 
2024-06-08 19:31:21,682 [INFO] [5] TRAIN  loss: 1.9479079348846566 acc: 0.4248927038626609
2024-06-08 19:31:21,683 [INFO] [5] VALIDATION  acc: 0.39316239316239315
2024-06-08 19:31:21,683 [INFO] 
2024-06-08 19:31:41,377 [INFO] [6] TRAIN  loss: 1.8056983784032994 acc: 0.4570815450643777
2024-06-08 19:31:41,378 [INFO] [6] VALIDATION  acc: 0.48717948717948717
2024-06-08 19:31:41,378 [INFO] 
2024-06-08 19:32:01,467 [INFO] [7] TRAIN  loss: 1.7134255339659334 acc: 0.4892703862660944
2024-06-08 19:32:01,467 [INFO] [7] VALIDATION  acc: 0.48717948717948717
2024-06-08 19:32:01,467 [INFO] 
2024-06-08 19:32:21,055 [INFO] [8] TRAIN  loss: 1.6311986047310891 acc: 0.5236051502145923
2024-06-08 19:32:21,056 [INFO] [8] VALIDATION  acc: 0.4444444444444444
2024-06-08 19:32:21,056 [INFO] 
2024-06-08 19:32:40,467 [INFO] [9] TRAIN  loss: 1.506606597245507 acc: 0.5450643776824035
2024-06-08 19:32:40,468 [INFO] [9] VALIDATION  acc: 0.4188034188034188
2024-06-08 19:32:40,468 [INFO] 
2024-06-08 19:33:00,054 [INFO] [10] TRAIN  loss: 1.4773042212228407 acc: 0.5472103004291845
2024-06-08 19:33:00,054 [INFO] [10] VALIDATION  acc: 0.49572649572649574
2024-06-08 19:33:00,054 [INFO] 
2024-06-08 19:33:19,544 [INFO] [11] TRAIN  loss: 1.3646963225925428 acc: 0.5793991416309013
2024-06-08 19:33:19,544 [INFO] [11] VALIDATION  acc: 0.5299145299145299
2024-06-08 19:33:19,544 [INFO] 
2024-06-08 19:33:38,846 [INFO] [12] TRAIN  loss: 1.329124352451046 acc: 0.5879828326180258
2024-06-08 19:33:38,846 [INFO] [12] VALIDATION  acc: 0.42735042735042733
2024-06-08 19:33:38,846 [INFO] 
2024-06-08 19:33:58,308 [INFO] [13] TRAIN  loss: 1.2883725145855687 acc: 0.572961373390558
2024-06-08 19:33:58,308 [INFO] [13] VALIDATION  acc: 0.5299145299145299
2024-06-08 19:33:58,308 [INFO] 
2024-06-08 19:34:17,466 [INFO] [14] TRAIN  loss: 1.2170596143206813 acc: 0.6158798283261803
2024-06-08 19:34:17,467 [INFO] [14] VALIDATION  acc: 0.49572649572649574
2024-06-08 19:34:17,467 [INFO] 
2024-06-08 19:34:36,736 [INFO] [15] TRAIN  loss: 1.1503407228658127 acc: 0.6373390557939914
2024-06-08 19:34:36,736 [INFO] [15] VALIDATION  acc: 0.5384615384615384
2024-06-08 19:34:36,736 [INFO] 
2024-06-08 19:34:36,737 [INFO] 
Testing checkpointed models starting...

2024-06-08 19:34:37,181 [INFO] 
Any desired statistics have been plotted.
The experiment is finished.
