2024-06-08 19:48:41,595 [INFO] CUDA is available. The model will be trained on GPU.
2024-06-08 19:48:53,464 [INFO] CUDA is available. The model will be trained on GPU.
2024-06-08 19:49:35,197 [INFO] CUDA is available. The model will be trained on GPU.
2024-06-08 19:49:35,682 [INFO] Starting LSA64_1L...


2024-06-08 19:49:59,494 [INFO] [1] TRAIN  loss: 4.203462600708008 acc: 0.020703125
2024-06-08 19:49:59,494 [INFO] [1] VALIDATION  acc: 0.0328125
2024-06-08 19:49:59,494 [INFO] 
2024-06-08 19:50:23,815 [INFO] [2] TRAIN  loss: 3.4962738037109373 acc: 0.114453125
2024-06-08 19:50:23,815 [INFO] [2] VALIDATION  acc: 0.278125
2024-06-08 19:50:23,815 [INFO] 
2024-06-08 19:50:48,095 [INFO] [3] TRAIN  loss: 2.503280830383301 acc: 0.387109375
2024-06-08 19:50:48,095 [INFO] [3] VALIDATION  acc: 0.55625
2024-06-08 19:50:48,095 [INFO] 
2024-06-08 19:51:12,415 [INFO] [4] TRAIN  loss: 1.7788919448852538 acc: 0.5921875
2024-06-08 19:51:12,415 [INFO] [4] VALIDATION  acc: 0.709375
2024-06-08 19:51:12,415 [INFO] 
2024-06-08 19:51:36,792 [INFO] [5] TRAIN  loss: 1.3387802124023438 acc: 0.701171875
2024-06-08 19:51:36,792 [INFO] [5] VALIDATION  acc: 0.8140625
2024-06-08 19:51:36,792 [INFO] 
2024-06-08 19:52:01,187 [INFO] [6] TRAIN  loss: 1.018214511871338 acc: 0.786328125
2024-06-08 19:52:01,187 [INFO] [6] VALIDATION  acc: 0.875
2024-06-08 19:52:01,187 [INFO] 
2024-06-08 19:52:25,480 [INFO] [7] TRAIN  loss: 0.7748319625854492 acc: 0.840625
2024-06-08 19:52:25,480 [INFO] [7] VALIDATION  acc: 0.909375
2024-06-08 19:52:25,480 [INFO] 
2024-06-08 19:52:49,717 [INFO] [8] TRAIN  loss: 0.6047523498535157 acc: 0.883203125
2024-06-08 19:52:49,717 [INFO] [8] VALIDATION  acc: 0.9046875
2024-06-08 19:52:49,717 [INFO] 
2024-06-08 19:53:14,020 [INFO] [9] TRAIN  loss: 0.4908087730407715 acc: 0.905859375
2024-06-08 19:53:14,020 [INFO] [9] VALIDATION  acc: 0.940625
2024-06-08 19:53:14,020 [INFO] 
2024-06-08 19:53:38,683 [INFO] [10] TRAIN  loss: 0.3851073503494263 acc: 0.92109375
2024-06-08 19:53:38,683 [INFO] [10] VALIDATION  acc: 0.809375
2024-06-08 19:53:38,683 [INFO] 
2024-06-08 19:54:03,246 [INFO] [11] TRAIN  loss: 0.3289774179458618 acc: 0.93828125
2024-06-08 19:54:03,246 [INFO] [11] VALIDATION  acc: 0.95
2024-06-08 19:54:03,246 [INFO] 
2024-06-08 19:54:27,406 [INFO] [12] TRAIN  loss: 0.27201383113861083 acc: 0.9546875
2024-06-08 19:54:27,406 [INFO] [12] VALIDATION  acc: 0.975
2024-06-08 19:54:27,406 [INFO] 
2024-06-08 19:54:51,481 [INFO] [13] TRAIN  loss: 0.22898669242858888 acc: 0.955859375
2024-06-08 19:54:51,481 [INFO] [13] VALIDATION  acc: 0.971875
2024-06-08 19:54:51,481 [INFO] 
2024-06-08 19:55:15,566 [INFO] [14] TRAIN  loss: 0.2012028694152832 acc: 0.962890625
2024-06-08 19:55:15,566 [INFO] [14] VALIDATION  acc: 0.978125
2024-06-08 19:55:15,566 [INFO] 
2024-06-08 19:55:39,635 [INFO] [15] TRAIN  loss: 0.16731536388397217 acc: 0.97109375
2024-06-08 19:55:39,635 [INFO] [15] VALIDATION  acc: 0.978125
2024-06-08 19:55:39,635 [INFO] 
2024-06-08 19:55:39,636 [INFO] 
Testing checkpointed models starting...

2024-06-08 19:55:40,004 [INFO] 
Any desired statistics have been plotted.
The experiment is finished.
