2024-06-08 20:04:16,573 [INFO] CUDA is available. The model will be trained on GPU.
2024-06-08 20:04:35,308 [INFO] CUDA is available. The model will be trained on GPU.
2024-06-08 20:04:35,774 [INFO] Starting LSA64_1L_distil...


2024-06-08 20:05:31,681 [INFO] [1] TRAIN  loss: 6.112129592895508 acc: 0.028125
2024-06-08 20:05:31,681 [INFO] [1] VALIDATION  acc: 0.046875
2024-06-08 20:05:31,681 [INFO] 
2024-06-08 20:06:27,268 [INFO] [2] TRAIN  loss: 4.708452987670898 acc: 0.183984375
2024-06-08 20:06:27,268 [INFO] [2] VALIDATION  acc: 0.4390625
2024-06-08 20:06:27,268 [INFO] 
2024-06-08 20:07:22,806 [INFO] [3] TRAIN  loss: 3.2732799530029295 acc: 0.483203125
2024-06-08 20:07:22,811 [INFO] [3] VALIDATION  acc: 0.6265625
2024-06-08 20:07:22,811 [INFO] 
2024-06-08 20:08:18,545 [INFO] [4] TRAIN  loss: 2.306938362121582 acc: 0.662109375
2024-06-08 20:08:18,549 [INFO] [4] VALIDATION  acc: 0.7890625
2024-06-08 20:08:18,549 [INFO] 
2024-06-08 20:09:13,816 [INFO] [5] TRAIN  loss: 1.681887435913086 acc: 0.76875
2024-06-08 20:09:13,816 [INFO] [5] VALIDATION  acc: 0.8515625
2024-06-08 20:09:13,816 [INFO] 
2024-06-08 20:10:08,602 [INFO] [6] TRAIN  loss: 1.236117172241211 acc: 0.844140625
2024-06-08 20:10:08,602 [INFO] [6] VALIDATION  acc: 0.91875
2024-06-08 20:10:08,602 [INFO] 
2024-06-08 20:11:03,356 [INFO] [7] TRAIN  loss: 0.9156711578369141 acc: 0.8875
2024-06-08 20:11:03,364 [INFO] [7] VALIDATION  acc: 0.9046875
2024-06-08 20:11:03,364 [INFO] 
2024-06-08 20:11:57,920 [INFO] [8] TRAIN  loss: 0.7157849788665771 acc: 0.91640625
2024-06-08 20:11:57,920 [INFO] [8] VALIDATION  acc: 0.94375
2024-06-08 20:11:57,920 [INFO] 
2024-06-08 20:12:52,704 [INFO] [9] TRAIN  loss: 0.5901779651641845 acc: 0.937890625
2024-06-08 20:12:52,704 [INFO] [9] VALIDATION  acc: 0.9609375
2024-06-08 20:12:52,704 [INFO] 
2024-06-08 20:13:47,307 [INFO] [10] TRAIN  loss: 0.47989511489868164 acc: 0.951171875
2024-06-08 20:13:47,307 [INFO] [10] VALIDATION  acc: 0.8859375
2024-06-08 20:13:47,307 [INFO] 
2024-06-08 20:14:42,049 [INFO] [11] TRAIN  loss: 0.4275460720062256 acc: 0.95703125
2024-06-08 20:14:42,052 [INFO] [11] VALIDATION  acc: 0.9625
2024-06-08 20:14:42,052 [INFO] 
2024-06-08 20:15:36,786 [INFO] [12] TRAIN  loss: 0.37332854270935056 acc: 0.968359375
2024-06-08 20:15:36,786 [INFO] [12] VALIDATION  acc: 0.9734375
2024-06-08 20:15:36,791 [INFO] 
2024-06-08 20:16:31,560 [INFO] [13] TRAIN  loss: 0.33280394077301023 acc: 0.971484375
2024-06-08 20:16:31,560 [INFO] [13] VALIDATION  acc: 0.975
2024-06-08 20:16:31,560 [INFO] 
2024-06-08 20:17:26,153 [INFO] [14] TRAIN  loss: 0.3081814289093018 acc: 0.970703125
2024-06-08 20:17:26,153 [INFO] [14] VALIDATION  acc: 0.9859375
2024-06-08 20:17:26,153 [INFO] 
2024-06-08 20:18:20,967 [INFO] [15] TRAIN  loss: 0.28023529052734375 acc: 0.975
2024-06-08 20:18:20,967 [INFO] [15] VALIDATION  acc: 0.978125
2024-06-08 20:18:20,967 [INFO] 
2024-06-08 20:18:20,969 [INFO] 
Testing checkpointed models starting...

