2024-06-08 19:36:02,558 [INFO] CUDA is available. The model will be trained on GPU.
2024-06-08 19:36:02,584 [INFO] Number of classes in the dataset: 19
2024-06-08 19:36:02,675 [INFO] Starting DGI406_1L...


2024-06-08 19:36:06,676 [INFO] [1] TRAIN  loss: 2.5610126282524144 acc: 0.23390557939914164
2024-06-08 19:36:06,676 [INFO] [1] VALIDATION  acc: 0.21367521367521367
2024-06-08 19:36:06,676 [INFO] 
2024-06-08 19:36:10,616 [INFO] [2] TRAIN  loss: 2.5031036245976397 acc: 0.2446351931330472
2024-06-08 19:36:10,616 [INFO] [2] VALIDATION  acc: 0.2564102564102564
2024-06-08 19:36:10,617 [INFO] 
2024-06-08 19:36:14,668 [INFO] [3] TRAIN  loss: 2.484526671053514 acc: 0.2575107296137339
2024-06-08 19:36:14,668 [INFO] [3] VALIDATION  acc: 0.2564102564102564
2024-06-08 19:36:14,669 [INFO] 
2024-06-08 19:36:18,898 [INFO] [4] TRAIN  loss: 2.433428981273471 acc: 0.2811158798283262
2024-06-08 19:36:18,898 [INFO] [4] VALIDATION  acc: 0.2905982905982906
2024-06-08 19:36:18,899 [INFO] 
2024-06-08 19:36:23,302 [INFO] [5] TRAIN  loss: 2.3725722153299356 acc: 0.2939914163090129
2024-06-08 19:36:23,303 [INFO] [5] VALIDATION  acc: 0.4017094017094017
2024-06-08 19:36:23,303 [INFO] 
2024-06-08 19:36:27,287 [INFO] [6] TRAIN  loss: 2.3026233067328326 acc: 0.3111587982832618
2024-06-08 19:36:27,288 [INFO] [6] VALIDATION  acc: 0.36752136752136755
2024-06-08 19:36:27,288 [INFO] 
2024-06-08 19:36:31,427 [INFO] [7] TRAIN  loss: 2.143917493042516 acc: 0.38626609442060084
2024-06-08 19:36:31,427 [INFO] [7] VALIDATION  acc: 0.38461538461538464
2024-06-08 19:36:31,427 [INFO] 
2024-06-08 19:36:35,607 [INFO] [8] TRAIN  loss: 2.0586243985548554 acc: 0.3948497854077253
2024-06-08 19:36:35,607 [INFO] [8] VALIDATION  acc: 0.4017094017094017
2024-06-08 19:36:35,607 [INFO] 
2024-06-08 19:36:39,560 [INFO] [9] TRAIN  loss: 1.9299905801535675 acc: 0.4270386266094421
2024-06-08 19:36:39,560 [INFO] [9] VALIDATION  acc: 0.3333333333333333
2024-06-08 19:36:39,560 [INFO] 
2024-06-08 19:36:43,574 [INFO] [10] TRAIN  loss: 1.8754199113968615 acc: 0.43991416309012876
2024-06-08 19:36:43,574 [INFO] [10] VALIDATION  acc: 0.42735042735042733
2024-06-08 19:36:43,574 [INFO] 
2024-06-08 19:36:47,560 [INFO] [11] TRAIN  loss: 1.7867511536430392 acc: 0.4721030042918455
2024-06-08 19:36:47,560 [INFO] [11] VALIDATION  acc: 0.49572649572649574
2024-06-08 19:36:47,560 [INFO] 
2024-06-08 19:36:51,549 [INFO] [12] TRAIN  loss: 1.7044533659971834 acc: 0.49141630901287553
2024-06-08 19:36:51,549 [INFO] [12] VALIDATION  acc: 0.358974358974359
2024-06-08 19:36:51,549 [INFO] 
2024-06-08 19:36:55,549 [INFO] [13] TRAIN  loss: 1.687598625477803 acc: 0.5128755364806867
2024-06-08 19:36:55,549 [INFO] [13] VALIDATION  acc: 0.5213675213675214
2024-06-08 19:36:55,549 [INFO] 
2024-06-08 19:36:59,470 [INFO] [14] TRAIN  loss: 1.626540810253487 acc: 0.5214592274678111
2024-06-08 19:36:59,471 [INFO] [14] VALIDATION  acc: 0.452991452991453
2024-06-08 19:36:59,471 [INFO] 
2024-06-08 19:37:03,415 [INFO] [15] TRAIN  loss: 1.592368981357296 acc: 0.5214592274678111
2024-06-08 19:37:03,415 [INFO] [15] VALIDATION  acc: 0.4444444444444444
2024-06-08 19:37:03,415 [INFO] 
2024-06-08 19:37:03,415 [INFO] 
Testing checkpointed models starting...

2024-06-08 19:37:03,760 [INFO] 
Any desired statistics have been plotted.
The experiment is finished.
