2024-06-08 20:30:34,263 [INFO] CUDA is available. The model will be trained on GPU.
2024-06-08 20:30:34,453 [INFO] Starting DGI305_1L_distil...


2024-06-08 20:30:44,900 [INFO] [1] TRAIN  loss: 2.186416036581277 acc: 0.23390557939914164
2024-06-08 20:30:44,901 [INFO] [1] VALIDATION  acc: 0.26495726495726496
2024-06-08 20:30:44,901 [INFO] 
2024-06-08 20:30:54,892 [INFO] [2] TRAIN  loss: 2.114370452487929 acc: 0.24678111587982832
2024-06-08 20:30:54,893 [INFO] [2] VALIDATION  acc: 0.2564102564102564
2024-06-08 20:30:54,893 [INFO] 
2024-06-08 20:31:05,056 [INFO] [3] TRAIN  loss: 2.0744589613230957 acc: 0.27253218884120173
2024-06-08 20:31:05,062 [INFO] [3] VALIDATION  acc: 0.28205128205128205
2024-06-08 20:31:05,062 [INFO] 
2024-06-08 20:31:15,080 [INFO] [4] TRAIN  loss: 1.9800099385142838 acc: 0.30257510729613735
2024-06-08 20:31:15,080 [INFO] [4] VALIDATION  acc: 0.3076923076923077
2024-06-08 20:31:15,080 [INFO] 
2024-06-08 20:31:24,705 [INFO] [5] TRAIN  loss: 1.8135345851914566 acc: 0.3261802575107296
2024-06-08 20:31:24,705 [INFO] [5] VALIDATION  acc: 0.3333333333333333
2024-06-08 20:31:24,705 [INFO] 
2024-06-08 20:31:34,285 [INFO] [6] TRAIN  loss: 1.6367393133466335 acc: 0.34334763948497854
2024-06-08 20:31:34,285 [INFO] [6] VALIDATION  acc: 0.41025641025641024
2024-06-08 20:31:34,285 [INFO] 
2024-06-08 20:31:43,798 [INFO] [7] TRAIN  loss: 1.4438264380197157 acc: 0.4291845493562232
2024-06-08 20:31:43,801 [INFO] [7] VALIDATION  acc: 0.4188034188034188
2024-06-08 20:31:43,801 [INFO] 
2024-06-08 20:31:53,373 [INFO] [8] TRAIN  loss: 1.38176625787956 acc: 0.4248927038626609
2024-06-08 20:31:53,381 [INFO] [8] VALIDATION  acc: 0.4358974358974359
2024-06-08 20:31:53,381 [INFO] 
2024-06-08 20:32:03,966 [INFO] [9] TRAIN  loss: 1.2587999335686024 acc: 0.4721030042918455
2024-06-08 20:32:03,966 [INFO] [9] VALIDATION  acc: 0.36752136752136755
2024-06-08 20:32:03,966 [INFO] 
2024-06-08 20:32:14,868 [INFO] [10] TRAIN  loss: 1.2143339885662554 acc: 0.4721030042918455
2024-06-08 20:32:14,868 [INFO] [10] VALIDATION  acc: 0.48717948717948717
2024-06-08 20:32:14,868 [INFO] 
2024-06-08 20:32:25,707 [INFO] [11] TRAIN  loss: 1.1295332356072292 acc: 0.5257510729613734
2024-06-08 20:32:25,707 [INFO] [11] VALIDATION  acc: 0.49572649572649574
2024-06-08 20:32:25,707 [INFO] 
2024-06-08 20:32:37,972 [INFO] [12] TRAIN  loss: 1.0706358160583758 acc: 0.5343347639484979
2024-06-08 20:32:37,972 [INFO] [12] VALIDATION  acc: 0.41025641025641024
2024-06-08 20:32:37,972 [INFO] 
2024-06-08 20:32:48,253 [INFO] [13] TRAIN  loss: 1.0458665446662083 acc: 0.5450643776824035
2024-06-08 20:32:48,255 [INFO] [13] VALIDATION  acc: 0.5384615384615384
2024-06-08 20:32:48,255 [INFO] 
2024-06-08 20:32:58,421 [INFO] [14] TRAIN  loss: 1.0006143463527697 acc: 0.5536480686695279
2024-06-08 20:32:58,421 [INFO] [14] VALIDATION  acc: 0.5128205128205128
2024-06-08 20:32:58,421 [INFO] 
2024-06-08 20:33:08,767 [INFO] [15] TRAIN  loss: 0.9811523175546539 acc: 0.5622317596566524
2024-06-08 20:33:08,767 [INFO] [15] VALIDATION  acc: 0.4188034188034188
2024-06-08 20:33:08,767 [INFO] 
2024-06-08 20:33:08,767 [INFO] 
Testing checkpointed models starting...

2024-06-08 20:33:09,124 [INFO] 
Any desired statistics have been plotted.
The experiment is finished.
